2021-01-09T04:53:24+00:00 CRITICAL syntax error, unexpected '" class="' (T_CONSTANT_ENCAPSED_STRING), expecting ';' or ',' в /Users/maksimzukovic/Sites/velo/wp-content/themes/velo-shop/blocks/widget/bike.widget.php на строке 26

2021-01-09T04:53:25+00:00 CRITICAL syntax error, unexpected '" class="' (T_CONSTANT_ENCAPSED_STRING), expecting ';' or ',' в /Users/maksimzukovic/Sites/velo/wp-content/themes/velo-shop/blocks/widget/bike.widget.php на строке 26

2021-01-09T04:58:36+00:00 CRITICAL syntax error, unexpected ')' в /Users/maksimzukovic/Sites/velo/wp-content/themes/velo-shop/blocks/widget/bike.widget.php на строке 15

2021-01-09T04:58:37+00:00 CRITICAL syntax error, unexpected ')' в /Users/maksimzukovic/Sites/velo/wp-content/themes/velo-shop/blocks/widget/bike.widget.php на строке 15

2021-01-09T05:05:46+00:00 CRITICAL Uncaught Error: Cannot use object of type WP_Term as array in /Users/maksimzukovic/Sites/velo/wp-content/themes/velo-shop/blocks/widget/bike.widget.php:20
Stack trace:
#0 /Users/maksimzukovic/Sites/velo/wp-content/themes/velo-shop/blocks/home/popular_bike.php(18): bike_widget(Object(WC_Product_Variable))
#1 /Users/maksimzukovic/Sites/velo/wp-content/themes/velo-shop/front-page.php(35): require_once('/Users/maksimzu...')
#2 /Users/maksimzukovic/Sites/velo/wp-includes/template-loader.php(106): include('/Users/maksimzu...')
#3 /Users/maksimzukovic/Sites/velo/wp-blog-header.php(19): require_once('/Users/maksimzu...')
#4 /Users/maksimzukovic/Sites/velo/index.php(17): require('/Users/maksimzu...')
#5 {main}
  thrown в /Users/maksimzukovic/Sites/velo/wp-content/themes/velo-shop/blocks/widget/bike.widget.php на строке 20

2021-01-09T05:06:15+00:00 CRITICAL Uncaught Error: Cannot use object of type WP_Term as array in /Users/maksimzukovic/Sites/velo/wp-content/themes/velo-shop/blocks/widget/bike.widget.php:20
Stack trace:
#0 /Users/maksimzukovic/Sites/velo/wp-content/themes/velo-shop/blocks/home/popular_bike.php(18): bike_widget(Object(WC_Product_Variable))
#1 /Users/maksimzukovic/Sites/velo/wp-content/themes/velo-shop/front-page.php(35): require_once('/Users/maksimzu...')
#2 /Users/maksimzukovic/Sites/velo/wp-includes/template-loader.php(106): include('/Users/maksimzu...')
#3 /Users/maksimzukovic/Sites/velo/wp-blog-header.php(19): require_once('/Users/maksimzu...')
#4 /Users/maksimzukovic/Sites/velo/index.php(17): require('/Users/maksimzu...')
#5 {main}
  thrown в /Users/maksimzukovic/Sites/velo/wp-content/themes/velo-shop/blocks/widget/bike.widget.php на строке 20

2021-01-09T05:06:19+00:00 CRITICAL Uncaught Error: Cannot use object of type WP_Term as array in /Users/maksimzukovic/Sites/velo/wp-content/themes/velo-shop/blocks/widget/bike.widget.php:20
Stack trace:
#0 /Users/maksimzukovic/Sites/velo/wp-content/themes/velo-shop/blocks/home/popular_bike.php(18): bike_widget(Object(WC_Product_Variable))
#1 /Users/maksimzukovic/Sites/velo/wp-content/themes/velo-shop/front-page.php(35): require_once('/Users/maksimzu...')
#2 /Users/maksimzukovic/Sites/velo/wp-includes/template-loader.php(106): include('/Users/maksimzu...')
#3 /Users/maksimzukovic/Sites/velo/wp-blog-header.php(19): require_once('/Users/maksimzu...')
#4 /Users/maksimzukovic/Sites/velo/index.php(17): require('/Users/maksimzu...')
#5 {main}
  thrown в /Users/maksimzukovic/Sites/velo/wp-content/themes/velo-shop/blocks/widget/bike.widget.php на строке 20

2021-01-09T05:08:07+00:00 CRITICAL Uncaught Error: Cannot use object of type WP_Term as array in /Users/maksimzukovic/Sites/velo/wp-content/themes/velo-shop/blocks/widget/bike.widget.php:22
Stack trace:
#0 /Users/maksimzukovic/Sites/velo/wp-content/themes/velo-shop/blocks/home/popular_bike.php(18): bike_widget(Object(WC_Product_Variable))
#1 /Users/maksimzukovic/Sites/velo/wp-content/themes/velo-shop/front-page.php(35): require_once('/Users/maksimzu...')
#2 /Users/maksimzukovic/Sites/velo/wp-includes/template-loader.php(106): include('/Users/maksimzu...')
#3 /Users/maksimzukovic/Sites/velo/wp-blog-header.php(19): require_once('/Users/maksimzu...')
#4 /Users/maksimzukovic/Sites/velo/index.php(17): require('/Users/maksimzu...')
#5 {main}
  thrown в /Users/maksimzukovic/Sites/velo/wp-content/themes/velo-shop/blocks/widget/bike.widget.php на строке 22

2021-01-09T05:08:09+00:00 CRITICAL Uncaught Error: Cannot use object of type WP_Term as array in /Users/maksimzukovic/Sites/velo/wp-content/themes/velo-shop/blocks/widget/bike.widget.php:22
Stack trace:
#0 /Users/maksimzukovic/Sites/velo/wp-content/themes/velo-shop/blocks/home/popular_bike.php(18): bike_widget(Object(WC_Product_Variable))
#1 /Users/maksimzukovic/Sites/velo/wp-content/themes/velo-shop/front-page.php(35): require_once('/Users/maksimzu...')
#2 /Users/maksimzukovic/Sites/velo/wp-includes/template-loader.php(106): include('/Users/maksimzu...')
#3 /Users/maksimzukovic/Sites/velo/wp-blog-header.php(19): require_once('/Users/maksimzu...')
#4 /Users/maksimzukovic/Sites/velo/index.php(17): require('/Users/maksimzu...')
#5 {main}
  thrown в /Users/maksimzukovic/Sites/velo/wp-content/themes/velo-shop/blocks/widget/bike.widget.php на строке 22

2021-01-09T05:09:44+00:00 CRITICAL Uncaught Error: Cannot use object of type WP_Term as array in /Users/maksimzukovic/Sites/velo/wp-content/themes/velo-shop/blocks/widget/bike.widget.php:21
Stack trace:
#0 /Users/maksimzukovic/Sites/velo/wp-content/themes/velo-shop/blocks/home/popular_bike.php(18): bike_widget(Object(WC_Product_Variable))
#1 /Users/maksimzukovic/Sites/velo/wp-content/themes/velo-shop/front-page.php(35): require_once('/Users/maksimzu...')
#2 /Users/maksimzukovic/Sites/velo/wp-includes/template-loader.php(106): include('/Users/maksimzu...')
#3 /Users/maksimzukovic/Sites/velo/wp-blog-header.php(19): require_once('/Users/maksimzu...')
#4 /Users/maksimzukovic/Sites/velo/index.php(17): require('/Users/maksimzu...')
#5 {main}
  thrown в /Users/maksimzukovic/Sites/velo/wp-content/themes/velo-shop/blocks/widget/bike.widget.php на строке 21

2021-01-09T05:10:15+00:00 CRITICAL Uncaught Error: Cannot use object of type WP_Term as array in /Users/maksimzukovic/Sites/velo/wp-content/themes/velo-shop/blocks/widget/bike.widget.php:21
Stack trace:
#0 /Users/maksimzukovic/Sites/velo/wp-content/themes/velo-shop/blocks/home/popular_bike.php(18): bike_widget(Object(WC_Product_Variable))
#1 /Users/maksimzukovic/Sites/velo/wp-content/themes/velo-shop/front-page.php(35): require_once('/Users/maksimzu...')
#2 /Users/maksimzukovic/Sites/velo/wp-includes/template-loader.php(106): include('/Users/maksimzu...')
#3 /Users/maksimzukovic/Sites/velo/wp-blog-header.php(19): require_once('/Users/maksimzu...')
#4 /Users/maksimzukovic/Sites/velo/index.php(17): require('/Users/maksimzu...')
#5 {main}
  thrown в /Users/maksimzukovic/Sites/velo/wp-content/themes/velo-shop/blocks/widget/bike.widget.php на строке 21

2021-01-09T05:11:01+00:00 CRITICAL Uncaught Error: Cannot use object of type WP_Term as array in /Users/maksimzukovic/Sites/velo/wp-content/themes/velo-shop/blocks/widget/bike.widget.php:21
Stack trace:
#0 /Users/maksimzukovic/Sites/velo/wp-content/themes/velo-shop/blocks/home/popular_bike.php(18): bike_widget(Object(WC_Product_Variable))
#1 /Users/maksimzukovic/Sites/velo/wp-content/themes/velo-shop/front-page.php(35): require_once('/Users/maksimzu...')
#2 /Users/maksimzukovic/Sites/velo/wp-includes/template-loader.php(106): include('/Users/maksimzu...')
#3 /Users/maksimzukovic/Sites/velo/wp-blog-header.php(19): require_once('/Users/maksimzu...')
#4 /Users/maksimzukovic/Sites/velo/index.php(17): require('/Users/maksimzu...')
#5 {main}
  thrown в /Users/maksimzukovic/Sites/velo/wp-content/themes/velo-shop/blocks/widget/bike.widget.php на строке 21

2021-01-09T05:11:26+00:00 CRITICAL Uncaught Error: Cannot use object of type WP_Term as array in /Users/maksimzukovic/Sites/velo/wp-content/themes/velo-shop/blocks/widget/bike.widget.php:28
Stack trace:
#0 /Users/maksimzukovic/Sites/velo/wp-content/themes/velo-shop/blocks/home/popular_bike.php(18): bike_widget(Object(WC_Product_Variable))
#1 /Users/maksimzukovic/Sites/velo/wp-content/themes/velo-shop/front-page.php(35): require_once('/Users/maksimzu...')
#2 /Users/maksimzukovic/Sites/velo/wp-includes/template-loader.php(106): include('/Users/maksimzu...')
#3 /Users/maksimzukovic/Sites/velo/wp-blog-header.php(19): require_once('/Users/maksimzu...')
#4 /Users/maksimzukovic/Sites/velo/index.php(17): require('/Users/maksimzu...')
#5 {main}
  thrown в /Users/maksimzukovic/Sites/velo/wp-content/themes/velo-shop/blocks/widget/bike.widget.php на строке 28

2021-01-09T05:19:57+00:00 CRITICAL Uncaught Error: Call to a member function get_available_variations() on array in /Users/maksimzukovic/Sites/velo/wp-content/themes/velo-shop/blocks/widget/bike.widget.php:4
Stack trace:
#0 /Users/maksimzukovic/Sites/velo/wp-content/themes/velo-shop/woocommerce/blocks/product_similar.php(20): bike_widget(Array)
#1 /Users/maksimzukovic/Sites/velo/wp-content/themes/velo-shop/woocommerce/content-single-product.php(101): require_once('/Users/maksimzu...')
#2 /Users/maksimzukovic/Sites/velo/wp-includes/template.php(732): require('/Users/maksimzu...')
#3 /Users/maksimzukovic/Sites/velo/wp-content/plugins/woocommerce/includes/wc-core-functions.php(284): load_template('/Users/maksimzu...', false)
#4 /Users/maksimzukovic/Sites/velo/wp-content/plugins/woocommerce/includes/wc-template-functions.php(965): wc_get_template_part('content', 'single-product')
#5 /Users/maksimzukovic/Sites/velo/wp-content/themes/velo-shop/woocommerce.php(3): woocommerce_content()
#6 /Users/maksimzukovic/Sites/velo/wp-includes/template-loader.ph в /Users/maksimzukovic/Sites/velo/wp-content/themes/velo-shop/blocks/widget/bike.widget.php на строке 4

2021-01-09T05:20:20+00:00 CRITICAL Uncaught Error: Call to a member function get_available_variations() on array in /Users/maksimzukovic/Sites/velo/wp-content/themes/velo-shop/blocks/widget/bike.widget.php:4
Stack trace:
#0 /Users/maksimzukovic/Sites/velo/wp-content/themes/velo-shop/woocommerce/blocks/product_similar.php(20): bike_widget(Array)
#1 /Users/maksimzukovic/Sites/velo/wp-content/themes/velo-shop/woocommerce/content-single-product.php(101): require_once('/Users/maksimzu...')
#2 /Users/maksimzukovic/Sites/velo/wp-includes/template.php(732): require('/Users/maksimzu...')
#3 /Users/maksimzukovic/Sites/velo/wp-content/plugins/woocommerce/includes/wc-core-functions.php(284): load_template('/Users/maksimzu...', false)
#4 /Users/maksimzukovic/Sites/velo/wp-content/plugins/woocommerce/includes/wc-template-functions.php(965): wc_get_template_part('content', 'single-product')
#5 /Users/maksimzukovic/Sites/velo/wp-content/themes/velo-shop/woocommerce.php(3): woocommerce_content()
#6 /Users/maksimzukovic/Sites/velo/wp-includes/template-loader.ph в /Users/maksimzukovic/Sites/velo/wp-content/themes/velo-shop/blocks/widget/bike.widget.php на строке 4

2021-01-09T05:20:29+00:00 CRITICAL Uncaught Error: Call to a member function get_available_variations() on array in /Users/maksimzukovic/Sites/velo/wp-content/themes/velo-shop/blocks/widget/bike.widget.php:4
Stack trace:
#0 /Users/maksimzukovic/Sites/velo/wp-content/themes/velo-shop/woocommerce/blocks/product_similar.php(20): bike_widget(Array)
#1 /Users/maksimzukovic/Sites/velo/wp-content/themes/velo-shop/woocommerce/content-single-product.php(101): require_once('/Users/maksimzu...')
#2 /Users/maksimzukovic/Sites/velo/wp-includes/template.php(732): require('/Users/maksimzu...')
#3 /Users/maksimzukovic/Sites/velo/wp-content/plugins/woocommerce/includes/wc-core-functions.php(284): load_template('/Users/maksimzu...', false)
#4 /Users/maksimzukovic/Sites/velo/wp-content/plugins/woocommerce/includes/wc-template-functions.php(965): wc_get_template_part('content', 'single-product')
#5 /Users/maksimzukovic/Sites/velo/wp-content/themes/velo-shop/woocommerce.php(3): woocommerce_content()
#6 /Users/maksimzukovic/Sites/velo/wp-includes/template-loader.ph в /Users/maksimzukovic/Sites/velo/wp-content/themes/velo-shop/blocks/widget/bike.widget.php на строке 4

2021-01-09T05:20:32+00:00 CRITICAL Uncaught Error: Call to a member function get_available_variations() on array in /Users/maksimzukovic/Sites/velo/wp-content/themes/velo-shop/blocks/widget/bike.widget.php:4
Stack trace:
#0 /Users/maksimzukovic/Sites/velo/wp-content/themes/velo-shop/woocommerce/blocks/product_similar.php(20): bike_widget(Array)
#1 /Users/maksimzukovic/Sites/velo/wp-content/themes/velo-shop/woocommerce/content-single-product.php(101): require_once('/Users/maksimzu...')
#2 /Users/maksimzukovic/Sites/velo/wp-includes/template.php(732): require('/Users/maksimzu...')
#3 /Users/maksimzukovic/Sites/velo/wp-content/plugins/woocommerce/includes/wc-core-functions.php(284): load_template('/Users/maksimzu...', false)
#4 /Users/maksimzukovic/Sites/velo/wp-content/plugins/woocommerce/includes/wc-template-functions.php(965): wc_get_template_part('content', 'single-product')
#5 /Users/maksimzukovic/Sites/velo/wp-content/themes/velo-shop/woocommerce.php(3): woocommerce_content()
#6 /Users/maksimzukovic/Sites/velo/wp-includes/template-loader.ph в /Users/maksimzukovic/Sites/velo/wp-content/themes/velo-shop/blocks/widget/bike.widget.php на строке 4

2021-01-09T12:02:01+00:00 CRITICAL Uncaught Error: Call to undefined function admin_enqueue_scripts() in /Users/maksimzukovic/Sites/velo/wp-content/themes/velo-shop/functions.php:32
Stack trace:
#0 /Users/maksimzukovic/Sites/velo/wp-settings.php(525): include()
#1 /Users/maksimzukovic/Sites/velo/wp-config.php(89): require_once('/Users/maksimzu...')
#2 /Users/maksimzukovic/Sites/velo/wp-load.php(37): require_once('/Users/maksimzu...')
#3 /Users/maksimzukovic/Sites/velo/wp-blog-header.php(13): require_once('/Users/maksimzu...')
#4 /Users/maksimzukovic/Sites/velo/index.php(17): require('/Users/maksimzu...')
#5 {main}
  thrown в /Users/maksimzukovic/Sites/velo/wp-content/themes/velo-shop/functions.php на строке 32

2021-01-09T12:02:01+00:00 CRITICAL Uncaught Error: Call to undefined function admin_enqueue_scripts() in /Users/maksimzukovic/Sites/velo/wp-content/themes/velo-shop/functions.php:32
Stack trace:
#0 /Users/maksimzukovic/Sites/velo/wp-settings.php(525): include()
#1 /Users/maksimzukovic/Sites/velo/wp-config.php(89): require_once('/Users/maksimzu...')
#2 /Users/maksimzukovic/Sites/velo/wp-load.php(37): require_once('/Users/maksimzu...')
#3 /Users/maksimzukovic/Sites/velo/wp-blog-header.php(13): require_once('/Users/maksimzu...')
#4 /Users/maksimzukovic/Sites/velo/index.php(17): require('/Users/maksimzu...')
#5 {main}
  thrown в /Users/maksimzukovic/Sites/velo/wp-content/themes/velo-shop/functions.php на строке 32

2021-01-09T12:02:02+00:00 CRITICAL Uncaught Error: Call to undefined function admin_enqueue_scripts() in /Users/maksimzukovic/Sites/velo/wp-content/themes/velo-shop/functions.php:32
Stack trace:
#0 /Users/maksimzukovic/Sites/velo/wp-settings.php(525): include()
#1 /Users/maksimzukovic/Sites/velo/wp-config.php(89): require_once('/Users/maksimzu...')
#2 /Users/maksimzukovic/Sites/velo/wp-load.php(37): require_once('/Users/maksimzu...')
#3 /Users/maksimzukovic/Sites/velo/wp-admin/admin-ajax.php(22): require_once('/Users/maksimzu...')
#4 {main}
  thrown в /Users/maksimzukovic/Sites/velo/wp-content/themes/velo-shop/functions.php на строке 32

2021-01-09T13:43:53+00:00 CRITICAL syntax error, unexpected '<' в /Users/maksimzukovic/Sites/velo/wp-content/themes/velo-shop/option/admin_menu.php на строке 194

