2021-01-18T06:42:24+00:00 CRITICAL Uncaught Error: Call to undefined method WC_Product_Variable::getPrice() in /Users/maksimzukovic/Sites/velo/wp-content/themes/velo-shop/catalog.php:42
Stack trace:
#0 /Users/maksimzukovic/Sites/velo/wp-includes/template-loader.php(106): include()
#1 /Users/maksimzukovic/Sites/velo/wp-blog-header.php(19): require_once('/Users/maksimzu...')
#2 /Users/maksimzukovic/Sites/velo/index.php(17): require('/Users/maksimzu...')
#3 {main}
  thrown в /Users/maksimzukovic/Sites/velo/wp-content/themes/velo-shop/catalog.php на строке 42

2021-01-18T08:10:38+00:00 CRITICAL syntax error, unexpected '$price_filter' (T_VARIABLE) в /Users/maksimzukovic/Sites/velo/wp-content/themes/velo-shop/blocks/catalog/filter_catalog.php на строке 9

2021-01-18T08:10:58+00:00 CRITICAL Uncaught Error: Cannot use object of type WP_Term as array in /Users/maksimzukovic/Sites/velo/wp-content/themes/velo-shop/blocks/widget/filter_item.widget.php:13
Stack trace:
#0 /Users/maksimzukovic/Sites/velo/wp-content/themes/velo-shop/blocks/catalog/filter_catalog.php(93): filter_item_widget('type_velo', '\xD0\x9D\xD0\xB0\xD0\xB7\xD0\xBD\xD0\xB0\xD1\x87\xD0\xB5\xD0...', Array, true)
#1 /Users/maksimzukovic/Sites/velo/wp-content/themes/velo-shop/catalog.php(46): require_once('/Users/maksimzu...')
#2 /Users/maksimzukovic/Sites/velo/wp-includes/template-loader.php(106): include('/Users/maksimzu...')
#3 /Users/maksimzukovic/Sites/velo/wp-blog-header.php(19): require_once('/Users/maksimzu...')
#4 /Users/maksimzukovic/Sites/velo/index.php(17): require('/Users/maksimzu...')
#5 {main}
  thrown в /Users/maksimzukovic/Sites/velo/wp-content/themes/velo-shop/blocks/widget/filter_item.widget.php на строке 13

2021-01-18T08:32:12+00:00 CRITICAL require(): Failed opening required 'blocks/catalog/filter_rage_price.php' (include_path='.:/Applications/MAMP/bin/php/php7.4.1/lib/php') в /Users/maksimzukovic/Sites/velo/wp-content/themes/velo-shop/blocks/catalog/filter_catalog.php на строке 26

2021-01-18T08:33:19+00:00 CRITICAL require(): Failed opening required '../blocks/catalog/filter_rage_price.php' (include_path='.:/Applications/MAMP/bin/php/php7.4.1/lib/php') в /Users/maksimzukovic/Sites/velo/wp-content/themes/velo-shop/blocks/catalog/filter_catalog.php на строке 26

2021-01-18T08:33:32+00:00 CRITICAL require(): Failed opening required '/blocks/catalog/filter_rage_price.php' (include_path='.:/Applications/MAMP/bin/php/php7.4.1/lib/php') в /Users/maksimzukovic/Sites/velo/wp-content/themes/velo-shop/blocks/catalog/filter_catalog.php на строке 26

2021-01-18T08:40:03+00:00 CRITICAL Cannot use [] for reading в /Users/maksimzukovic/Sites/velo/wp-content/themes/velo-shop/catalog.php на строке 15

2021-01-18T09:26:38+00:00 CRITICAL syntax error, unexpected ''order_by'' (T_CONSTANT_ENCAPSED_STRING), expecting ')' в /Users/maksimzukovic/Sites/velo/wp-content/themes/velo-shop/catalog.php на строке 9

2021-01-18T09:27:44+00:00 CRITICAL syntax error, unexpected ''order_by'' (T_CONSTANT_ENCAPSED_STRING), expecting ')' в /Users/maksimzukovic/Sites/velo/wp-content/themes/velo-shop/catalog.php на строке 9

2021-01-18T09:35:14+00:00 CRITICAL syntax error, unexpected '<', expecting end of file в /Users/maksimzukovic/Sites/velo/wp-content/themes/velo-shop/catalog.php на строке 62

2021-01-18T19:29:47+00:00 CRITICAL syntax error, unexpected '<', expecting end of file в /Users/maksimzukovic/Sites/velo/wp-content/themes/velo-shop/catalog.php на строке 62

2021-01-18T19:30:47+00:00 CRITICAL syntax error, unexpected '?>' в /Users/maksimzukovic/Sites/velo/wp-content/themes/velo-shop/blocks/catalog/pagination.php на строке 5

2021-01-18T19:31:30+00:00 CRITICAL syntax error, unexpected '?>' в /Users/maksimzukovic/Sites/velo/wp-content/themes/velo-shop/blocks/catalog/pagination.php на строке 5

2021-01-18T19:35:24+00:00 CRITICAL Uncaught Error: Call to a member function get_available_variations() on array in /Users/maksimzukovic/Sites/velo/wp-content/themes/velo-shop/blocks/widget/bike.widget.php:4
Stack trace:
#0 /Users/maksimzukovic/Sites/velo/wp-content/themes/velo-shop/catalog.php(56): bike_widget(Array, true)
#1 /Users/maksimzukovic/Sites/velo/wp-includes/template-loader.php(106): include('/Users/maksimzu...')
#2 /Users/maksimzukovic/Sites/velo/wp-blog-header.php(19): require_once('/Users/maksimzu...')
#3 /Users/maksimzukovic/Sites/velo/index.php(17): require('/Users/maksimzu...')
#4 {main}
  thrown в /Users/maksimzukovic/Sites/velo/wp-content/themes/velo-shop/blocks/widget/bike.widget.php на строке 4

2021-01-18T19:35:50+00:00 CRITICAL Uncaught Error: Call to a member function get_available_variations() on array in /Users/maksimzukovic/Sites/velo/wp-content/themes/velo-shop/blocks/widget/bike.widget.php:4
Stack trace:
#0 /Users/maksimzukovic/Sites/velo/wp-content/themes/velo-shop/catalog.php(56): bike_widget(Array, true)
#1 /Users/maksimzukovic/Sites/velo/wp-includes/template-loader.php(106): include('/Users/maksimzu...')
#2 /Users/maksimzukovic/Sites/velo/wp-blog-header.php(19): require_once('/Users/maksimzu...')
#3 /Users/maksimzukovic/Sites/velo/index.php(17): require('/Users/maksimzu...')
#4 {main}
  thrown в /Users/maksimzukovic/Sites/velo/wp-content/themes/velo-shop/blocks/widget/bike.widget.php на строке 4

2021-01-18T19:36:21+00:00 CRITICAL Uncaught Error: Call to a member function get_available_variations() on array in /Users/maksimzukovic/Sites/velo/wp-content/themes/velo-shop/blocks/widget/bike.widget.php:4
Stack trace:
#0 /Users/maksimzukovic/Sites/velo/wp-content/themes/velo-shop/catalog.php(56): bike_widget(Array, true)
#1 /Users/maksimzukovic/Sites/velo/wp-includes/template-loader.php(106): include('/Users/maksimzu...')
#2 /Users/maksimzukovic/Sites/velo/wp-blog-header.php(19): require_once('/Users/maksimzu...')
#3 /Users/maksimzukovic/Sites/velo/index.php(17): require('/Users/maksimzu...')
#4 {main}
  thrown в /Users/maksimzukovic/Sites/velo/wp-content/themes/velo-shop/blocks/widget/bike.widget.php на строке 4

2021-01-18T19:38:50+00:00 CRITICAL Uncaught Error: Call to a member function total() on array in /Users/maksimzukovic/Sites/velo/wp-content/themes/velo-shop/blocks/catalog/pagination.php:15
Stack trace:
#0 /Users/maksimzukovic/Sites/velo/wp-content/themes/velo-shop/catalog.php(61): require()
#1 /Users/maksimzukovic/Sites/velo/wp-includes/template-loader.php(106): include('/Users/maksimzu...')
#2 /Users/maksimzukovic/Sites/velo/wp-blog-header.php(19): require_once('/Users/maksimzu...')
#3 /Users/maksimzukovic/Sites/velo/index.php(17): require('/Users/maksimzu...')
#4 {main}
  thrown в /Users/maksimzukovic/Sites/velo/wp-content/themes/velo-shop/blocks/catalog/pagination.php на строке 15

2021-01-18T19:42:30+00:00 CRITICAL Uncaught Error: Call to a member function get_available_variations() on array in /Users/maksimzukovic/Sites/velo/wp-content/themes/velo-shop/blocks/widget/bike.widget.php:4
Stack trace:
#0 /Users/maksimzukovic/Sites/velo/wp-content/themes/velo-shop/catalog.php(56): bike_widget(Array, true)
#1 /Users/maksimzukovic/Sites/velo/wp-includes/template-loader.php(106): include('/Users/maksimzu...')
#2 /Users/maksimzukovic/Sites/velo/wp-blog-header.php(19): require_once('/Users/maksimzu...')
#3 /Users/maksimzukovic/Sites/velo/index.php(17): require('/Users/maksimzu...')
#4 {main}
  thrown в /Users/maksimzukovic/Sites/velo/wp-content/themes/velo-shop/blocks/widget/bike.widget.php на строке 4

2021-01-18T19:42:36+00:00 CRITICAL Uncaught Error: Call to a member function get_available_variations() on array in /Users/maksimzukovic/Sites/velo/wp-content/themes/velo-shop/blocks/widget/bike.widget.php:4
Stack trace:
#0 /Users/maksimzukovic/Sites/velo/wp-content/themes/velo-shop/catalog.php(56): bike_widget(Array, true)
#1 /Users/maksimzukovic/Sites/velo/wp-includes/template-loader.php(106): include('/Users/maksimzu...')
#2 /Users/maksimzukovic/Sites/velo/wp-blog-header.php(19): require_once('/Users/maksimzu...')
#3 /Users/maksimzukovic/Sites/velo/index.php(17): require('/Users/maksimzu...')
#4 {main}
  thrown в /Users/maksimzukovic/Sites/velo/wp-content/themes/velo-shop/blocks/widget/bike.widget.php на строке 4

2021-01-18T19:42:58+00:00 CRITICAL Uncaught Error: Call to a member function get_available_variations() on array in /Users/maksimzukovic/Sites/velo/wp-content/themes/velo-shop/blocks/widget/bike.widget.php:4
Stack trace:
#0 /Users/maksimzukovic/Sites/velo/wp-content/themes/velo-shop/catalog.php(58): bike_widget(Array, true)
#1 /Users/maksimzukovic/Sites/velo/wp-includes/template-loader.php(106): include('/Users/maksimzu...')
#2 /Users/maksimzukovic/Sites/velo/wp-blog-header.php(19): require_once('/Users/maksimzu...')
#3 /Users/maksimzukovic/Sites/velo/index.php(17): require('/Users/maksimzu...')
#4 {main}
  thrown в /Users/maksimzukovic/Sites/velo/wp-content/themes/velo-shop/blocks/widget/bike.widget.php на строке 4

2021-01-18T19:43:54+00:00 CRITICAL syntax error, unexpected 'print_r' (T_STRING) в /Users/maksimzukovic/Sites/velo/wp-content/themes/velo-shop/catalog.php на строке 46

2021-01-18T19:43:57+00:00 CRITICAL syntax error, unexpected 'print_r' (T_STRING) в /Users/maksimzukovic/Sites/velo/wp-content/themes/velo-shop/catalog.php на строке 46

2021-01-18T19:44:07+00:00 CRITICAL Uncaught Error: Call to a member function total() on array in /Users/maksimzukovic/Sites/velo/wp-content/themes/velo-shop/blocks/catalog/pagination.php:15
Stack trace:
#0 /Users/maksimzukovic/Sites/velo/wp-content/themes/velo-shop/catalog.php(65): require()
#1 /Users/maksimzukovic/Sites/velo/wp-includes/template-loader.php(106): include('/Users/maksimzu...')
#2 /Users/maksimzukovic/Sites/velo/wp-blog-header.php(19): require_once('/Users/maksimzu...')
#3 /Users/maksimzukovic/Sites/velo/index.php(17): require('/Users/maksimzu...')
#4 {main}
  thrown в /Users/maksimzukovic/Sites/velo/wp-content/themes/velo-shop/blocks/catalog/pagination.php на строке 15

2021-01-18T19:44:38+00:00 CRITICAL Uncaught Error: Call to a member function total() on array in /Users/maksimzukovic/Sites/velo/wp-content/themes/velo-shop/blocks/catalog/pagination.php:15
Stack trace:
#0 /Users/maksimzukovic/Sites/velo/wp-content/themes/velo-shop/catalog.php(63): require()
#1 /Users/maksimzukovic/Sites/velo/wp-includes/template-loader.php(106): include('/Users/maksimzu...')
#2 /Users/maksimzukovic/Sites/velo/wp-blog-header.php(19): require_once('/Users/maksimzu...')
#3 /Users/maksimzukovic/Sites/velo/index.php(17): require('/Users/maksimzu...')
#4 {main}
  thrown в /Users/maksimzukovic/Sites/velo/wp-content/themes/velo-shop/blocks/catalog/pagination.php на строке 15

2021-01-18T19:44:44+00:00 CRITICAL Uncaught Error: Call to undefined method stdClass::total() in /Users/maksimzukovic/Sites/velo/wp-content/themes/velo-shop/blocks/catalog/pagination.php:15
Stack trace:
#0 /Users/maksimzukovic/Sites/velo/wp-content/themes/velo-shop/catalog.php(63): require()
#1 /Users/maksimzukovic/Sites/velo/wp-includes/template-loader.php(106): include('/Users/maksimzu...')
#2 /Users/maksimzukovic/Sites/velo/wp-blog-header.php(19): require_once('/Users/maksimzu...')
#3 /Users/maksimzukovic/Sites/velo/index.php(17): require('/Users/maksimzu...')
#4 {main}
  thrown в /Users/maksimzukovic/Sites/velo/wp-content/themes/velo-shop/blocks/catalog/pagination.php на строке 15

