2021-01-27T07:20:33+00:00 CRITICAL Uncaught Error: Call to undefined method wpdb::get_result() in /Users/maksimzukovic/Sites/velo/wp-content/plugins/call-form-free/admin/class-call-form-free-admin.php:119
Stack trace:
#0 /Users/maksimzukovic/Sites/velo/wp-includes/class-wp-hook.php(287): Call_Form_Free_Admin->call_form_menage('')
#1 /Users/maksimzukovic/Sites/velo/wp-includes/class-wp-hook.php(311): WP_Hook->apply_filters('', Array)
#2 /Users/maksimzukovic/Sites/velo/wp-includes/plugin.php(484): WP_Hook->do_action(Array)
#3 /Users/maksimzukovic/Sites/velo/wp-admin/admin.php(259): do_action('toplevel_page_c...')
#4 {main}
  thrown в /Users/maksimzukovic/Sites/velo/wp-content/plugins/call-form-free/admin/class-call-form-free-admin.php на строке 119

2021-01-27T07:28:50+00:00 CRITICAL Uncaught Error: Unsupported operand types in /Users/maksimzukovic/Sites/velo/wp-content/plugins/call-form-free/admin/class-call-form-free-admin.php:123
Stack trace:
#0 /Users/maksimzukovic/Sites/velo/wp-includes/class-wp-hook.php(287): Call_Form_Free_Admin->call_form_menage('')
#1 /Users/maksimzukovic/Sites/velo/wp-includes/class-wp-hook.php(311): WP_Hook->apply_filters('', Array)
#2 /Users/maksimzukovic/Sites/velo/wp-includes/plugin.php(484): WP_Hook->do_action(Array)
#3 /Users/maksimzukovic/Sites/velo/wp-admin/admin.php(259): do_action('toplevel_page_c...')
#4 {main}
  thrown в /Users/maksimzukovic/Sites/velo/wp-content/plugins/call-form-free/admin/class-call-form-free-admin.php на строке 123

2021-01-27T07:29:44+00:00 CRITICAL Uncaught Error: Call to undefined method wpdb::get_query() in /Users/maksimzukovic/Sites/velo/wp-content/plugins/call-form-free/admin/class-call-form-free-admin.php:122
Stack trace:
#0 /Users/maksimzukovic/Sites/velo/wp-includes/class-wp-hook.php(287): Call_Form_Free_Admin->call_form_menage('')
#1 /Users/maksimzukovic/Sites/velo/wp-includes/class-wp-hook.php(311): WP_Hook->apply_filters('', Array)
#2 /Users/maksimzukovic/Sites/velo/wp-includes/plugin.php(484): WP_Hook->do_action(Array)
#3 /Users/maksimzukovic/Sites/velo/wp-admin/admin.php(259): do_action('toplevel_page_c...')
#4 {main}
  thrown в /Users/maksimzukovic/Sites/velo/wp-content/plugins/call-form-free/admin/class-call-form-free-admin.php на строке 122

2021-01-27T15:55:34+00:00 CRITICAL Uncaught Error: Class 'Call_Form_Action' not found in /Users/maksimzukovic/Sites/velo/wp-content/plugins/call-form-free/admin/class-call-form-free-admin.php:119
Stack trace:
#0 /Users/maksimzukovic/Sites/velo/wp-includes/class-wp-hook.php(287): Call_Form_Free_Admin->call_form_menage('')
#1 /Users/maksimzukovic/Sites/velo/wp-includes/class-wp-hook.php(311): WP_Hook->apply_filters('', Array)
#2 /Users/maksimzukovic/Sites/velo/wp-includes/plugin.php(484): WP_Hook->do_action(Array)
#3 /Users/maksimzukovic/Sites/velo/wp-admin/admin.php(259): do_action('toplevel_page_c...')
#4 {main}
  thrown в /Users/maksimzukovic/Sites/velo/wp-content/plugins/call-form-free/admin/class-call-form-free-admin.php на строке 119

2021-01-27T16:06:43+00:00 CRITICAL Uncaught Error: Object of class Call_Form_Action could not be converted to string in /Users/maksimzukovic/Sites/velo/wp-content/plugins/call-form-free/admin/class_call_form_action.php:21
Stack trace:
#0 /Users/maksimzukovic/Sites/velo/wp-content/plugins/call-form-free/admin/class-call-form-free-admin.php(120): Call_Form_Action->run_action()
#1 /Users/maksimzukovic/Sites/velo/wp-includes/class-wp-hook.php(287): Call_Form_Free_Admin->call_form_menage('')
#2 /Users/maksimzukovic/Sites/velo/wp-includes/class-wp-hook.php(311): WP_Hook->apply_filters('', Array)
#3 /Users/maksimzukovic/Sites/velo/wp-includes/plugin.php(484): WP_Hook->do_action(Array)
#4 /Users/maksimzukovic/Sites/velo/wp-admin/admin.php(259): do_action('toplevel_page_c...')
#5 {main}
  thrown в /Users/maksimzukovic/Sites/velo/wp-content/plugins/call-form-free/admin/class_call_form_action.php на строке 21

2021-01-27T16:07:41+00:00 CRITICAL Uncaught Error: Call to undefined method Call_Form_Action::action_name() in /Users/maksimzukovic/Sites/velo/wp-content/plugins/call-form-free/admin/class_call_form_action.php:21
Stack trace:
#0 /Users/maksimzukovic/Sites/velo/wp-content/plugins/call-form-free/admin/class-call-form-free-admin.php(120): Call_Form_Action->run_action()
#1 /Users/maksimzukovic/Sites/velo/wp-includes/class-wp-hook.php(287): Call_Form_Free_Admin->call_form_menage('')
#2 /Users/maksimzukovic/Sites/velo/wp-includes/class-wp-hook.php(311): WP_Hook->apply_filters('', Array)
#3 /Users/maksimzukovic/Sites/velo/wp-includes/plugin.php(484): WP_Hook->do_action(Array)
#4 /Users/maksimzukovic/Sites/velo/wp-admin/admin.php(259): do_action('toplevel_page_c...')
#5 {main}
  thrown в /Users/maksimzukovic/Sites/velo/wp-content/plugins/call-form-free/admin/class_call_form_action.php на строке 21

