2021-01-12T05:43:31+00:00 CRITICAL syntax error, unexpected ')' в /Users/maksimzukovic/Sites/velo/wp-content/themes/velo-shop/blocks/catalog/filter_catalog.php на строке 10

2021-01-12T05:50:04+00:00 CRITICAL syntax error, unexpected ''orderby'' (T_CONSTANT_ENCAPSED_STRING), expecting ')' в /Users/maksimzukovic/Sites/velo/wp-content/themes/velo-shop/blocks/catalog/filter_catalog.php на строке 10

2021-01-12T05:50:17+00:00 CRITICAL syntax error, unexpected ''orderby'' (T_CONSTANT_ENCAPSED_STRING), expecting ')' в /Users/maksimzukovic/Sites/velo/wp-content/themes/velo-shop/blocks/catalog/filter_catalog.php на строке 10

2021-01-12T05:54:59+00:00 CRITICAL require_once(): Failed opening required 'option/helper_function.php' (include_path='.:/Applications/MAMP/bin/php/php7.4.1/lib/php') в /Users/maksimzukovic/Sites/velo/wp-content/themes/velo-shop/blocks/catalog/filter_catalog.php на строке 19

2021-01-12T05:55:14+00:00 CRITICAL require_once(): Failed opening required '/option/helper_function.php' (include_path='.:/Applications/MAMP/bin/php/php7.4.1/lib/php') в /Users/maksimzukovic/Sites/velo/wp-content/themes/velo-shop/blocks/catalog/filter_catalog.php на строке 19

2021-01-12T05:55:15+00:00 CRITICAL require_once(): Failed opening required '/option/helper_function.php' (include_path='.:/Applications/MAMP/bin/php/php7.4.1/lib/php') в /Users/maksimzukovic/Sites/velo/wp-content/themes/velo-shop/blocks/catalog/filter_catalog.php на строке 19

2021-01-12T05:55:24+00:00 CRITICAL require_once(): Failed opening required './option/helper_function.php' (include_path='.:/Applications/MAMP/bin/php/php7.4.1/lib/php') в /Users/maksimzukovic/Sites/velo/wp-content/themes/velo-shop/blocks/catalog/filter_catalog.php на строке 19

2021-01-12T05:55:29+00:00 CRITICAL require_once(): Failed opening required '../option/helper_function.php' (include_path='.:/Applications/MAMP/bin/php/php7.4.1/lib/php') в /Users/maksimzukovic/Sites/velo/wp-content/themes/velo-shop/blocks/catalog/filter_catalog.php на строке 19

2021-01-12T05:56:05+00:00 CRITICAL require_once(): Failed opening required '../../option/helper_function.php' (include_path='.:/Applications/MAMP/bin/php/php7.4.1/lib/php') в /Users/maksimzukovic/Sites/velo/wp-content/themes/velo-shop/blocks/catalog/filter_catalog.php на строке 19

2021-01-12T05:56:13+00:00 CRITICAL require_once(): Failed opening required '/option/helper_function.php' (include_path='.:/Applications/MAMP/bin/php/php7.4.1/lib/php') в /Users/maksimzukovic/Sites/velo/wp-content/themes/velo-shop/blocks/catalog/filter_catalog.php на строке 19

2021-01-12T05:59:35+00:00 CRITICAL Uncaught Error: Call to undefined function get_max_and_min_price() in /Users/maksimzukovic/Sites/velo/wp-content/themes/velo-shop/blocks/catalog/filter_catalog.php:11
Stack trace:
#0 /Users/maksimzukovic/Sites/velo/wp-content/themes/velo-shop/catalog.php(8): require_once()
#1 /Users/maksimzukovic/Sites/velo/wp-includes/template-loader.php(106): include('/Users/maksimzu...')
#2 /Users/maksimzukovic/Sites/velo/wp-blog-header.php(19): require_once('/Users/maksimzu...')
#3 /Users/maksimzukovic/Sites/velo/index.php(17): require('/Users/maksimzu...')
#4 {main}
  thrown в /Users/maksimzukovic/Sites/velo/wp-content/themes/velo-shop/blocks/catalog/filter_catalog.php на строке 11

2021-01-12T06:00:22+00:00 CRITICAL Uncaught Error: Call to undefined function get_max_and_min_price() in /Users/maksimzukovic/Sites/velo/wp-content/themes/velo-shop/blocks/catalog/filter_catalog.php:8
Stack trace:
#0 /Users/maksimzukovic/Sites/velo/wp-content/themes/velo-shop/catalog.php(8): require_once()
#1 /Users/maksimzukovic/Sites/velo/wp-includes/template-loader.php(106): include('/Users/maksimzu...')
#2 /Users/maksimzukovic/Sites/velo/wp-blog-header.php(19): require_once('/Users/maksimzu...')
#3 /Users/maksimzukovic/Sites/velo/index.php(17): require('/Users/maksimzu...')
#4 {main}
  thrown в /Users/maksimzukovic/Sites/velo/wp-content/themes/velo-shop/blocks/catalog/filter_catalog.php на строке 8

