2021-01-11T20:43:15+00:00 CRITICAL Uncaught Error: Call to undefined function cat_filter_item() in /Users/maksimzukovic/Sites/velo/wp-content/themes/velo-shop/catalog.php:123
Stack trace:
#0 /Users/maksimzukovic/Sites/velo/wp-includes/template-loader.php(106): include()
#1 /Users/maksimzukovic/Sites/velo/wp-blog-header.php(19): require_once('/Users/maksimzu...')
#2 /Users/maksimzukovic/Sites/velo/index.php(17): require('/Users/maksimzu...')
#3 {main}
  thrown в /Users/maksimzukovic/Sites/velo/wp-content/themes/velo-shop/catalog.php на строке 123

2021-01-11T20:43:20+00:00 CRITICAL Uncaught Error: Call to undefined function cat_filter_item() in /Users/maksimzukovic/Sites/velo/wp-content/themes/velo-shop/catalog.php:123
Stack trace:
#0 /Users/maksimzukovic/Sites/velo/wp-includes/template-loader.php(106): include()
#1 /Users/maksimzukovic/Sites/velo/wp-blog-header.php(19): require_once('/Users/maksimzu...')
#2 /Users/maksimzukovic/Sites/velo/index.php(17): require('/Users/maksimzu...')
#3 {main}
  thrown в /Users/maksimzukovic/Sites/velo/wp-content/themes/velo-shop/catalog.php на строке 123

2021-01-11T20:44:57+00:00 CRITICAL Uncaught Error: Call to undefined function filter_item_widget() in /Users/maksimzukovic/Sites/velo/wp-content/themes/velo-shop/catalog.php:123
Stack trace:
#0 /Users/maksimzukovic/Sites/velo/wp-includes/template-loader.php(106): include()
#1 /Users/maksimzukovic/Sites/velo/wp-blog-header.php(19): require_once('/Users/maksimzu...')
#2 /Users/maksimzukovic/Sites/velo/index.php(17): require('/Users/maksimzu...')
#3 {main}
  thrown в /Users/maksimzukovic/Sites/velo/wp-content/themes/velo-shop/catalog.php на строке 123

