2021-01-17T13:06:51+00:00 CRITICAL Uncaught ArgumentCountError: Too few arguments to function wc_get_products(), 0 passed in /Users/maksimzukovic/Sites/velo/wp-content/themes/velo-shop/catalog.php on line 14 and exactly 1 expected in /Users/maksimzukovic/Sites/velo/wp-content/plugins/woocommerce/includes/wc-product-functions.php:29
Stack trace:
#0 /Users/maksimzukovic/Sites/velo/wp-content/themes/velo-shop/catalog.php(14): wc_get_products()
#1 /Users/maksimzukovic/Sites/velo/wp-includes/template-loader.php(106): include('/Users/maksimzu...')
#2 /Users/maksimzukovic/Sites/velo/wp-blog-header.php(19): require_once('/Users/maksimzu...')
#3 /Users/maksimzukovic/Sites/velo/index.php(17): require('/Users/maksimzu...')
#4 {main}
  thrown в /Users/maksimzukovic/Sites/velo/wp-content/plugins/woocommerce/includes/wc-product-functions.php на строке 29

2021-01-17T13:12:20+00:00 CRITICAL syntax error, unexpected ')' в /Users/maksimzukovic/Sites/velo/wp-content/themes/velo-shop/catalog.php на строке 13

2021-01-17T13:12:31+00:00 CRITICAL Uncaught ArgumentCountError: Too few arguments to function wc_get_products(), 0 passed in /Users/maksimzukovic/Sites/velo/wp-content/themes/velo-shop/catalog.php on line 16 and exactly 1 expected in /Users/maksimzukovic/Sites/velo/wp-content/plugins/woocommerce/includes/wc-product-functions.php:29
Stack trace:
#0 /Users/maksimzukovic/Sites/velo/wp-content/themes/velo-shop/catalog.php(16): wc_get_products()
#1 /Users/maksimzukovic/Sites/velo/wp-includes/template-loader.php(106): include('/Users/maksimzu...')
#2 /Users/maksimzukovic/Sites/velo/wp-blog-header.php(19): require_once('/Users/maksimzu...')
#3 /Users/maksimzukovic/Sites/velo/index.php(17): require('/Users/maksimzu...')
#4 {main}
  thrown в /Users/maksimzukovic/Sites/velo/wp-content/plugins/woocommerce/includes/wc-product-functions.php на строке 29

2021-01-17T13:12:51+00:00 CRITICAL Uncaught ArgumentCountError: Too few arguments to function wc_get_products(), 0 passed in /Users/maksimzukovic/Sites/velo/wp-content/themes/velo-shop/catalog.php on line 16 and exactly 1 expected in /Users/maksimzukovic/Sites/velo/wp-content/plugins/woocommerce/includes/wc-product-functions.php:29
Stack trace:
#0 /Users/maksimzukovic/Sites/velo/wp-content/themes/velo-shop/catalog.php(16): wc_get_products()
#1 /Users/maksimzukovic/Sites/velo/wp-includes/template-loader.php(106): include('/Users/maksimzu...')
#2 /Users/maksimzukovic/Sites/velo/wp-blog-header.php(19): require_once('/Users/maksimzu...')
#3 /Users/maksimzukovic/Sites/velo/index.php(17): require('/Users/maksimzu...')
#4 {main}
  thrown в /Users/maksimzukovic/Sites/velo/wp-content/plugins/woocommerce/includes/wc-product-functions.php на строке 29

2021-01-17T13:13:14+00:00 CRITICAL Uncaught ArgumentCountError: Too few arguments to function wc_get_products(), 0 passed in /Users/maksimzukovic/Sites/velo/wp-content/themes/velo-shop/catalog.php on line 17 and exactly 1 expected in /Users/maksimzukovic/Sites/velo/wp-content/plugins/woocommerce/includes/wc-product-functions.php:29
Stack trace:
#0 /Users/maksimzukovic/Sites/velo/wp-content/themes/velo-shop/catalog.php(17): wc_get_products()
#1 /Users/maksimzukovic/Sites/velo/wp-includes/template-loader.php(106): include('/Users/maksimzu...')
#2 /Users/maksimzukovic/Sites/velo/wp-blog-header.php(19): require_once('/Users/maksimzu...')
#3 /Users/maksimzukovic/Sites/velo/index.php(17): require('/Users/maksimzu...')
#4 {main}
  thrown в /Users/maksimzukovic/Sites/velo/wp-content/plugins/woocommerce/includes/wc-product-functions.php на строке 29

2021-01-17T13:13:58+00:00 CRITICAL Uncaught ArgumentCountError: Too few arguments to function wc_get_products(), 0 passed in /Users/maksimzukovic/Sites/velo/wp-content/themes/velo-shop/catalog.php on line 17 and exactly 1 expected in /Users/maksimzukovic/Sites/velo/wp-content/plugins/woocommerce/includes/wc-product-functions.php:29
Stack trace:
#0 /Users/maksimzukovic/Sites/velo/wp-content/themes/velo-shop/catalog.php(17): wc_get_products()
#1 /Users/maksimzukovic/Sites/velo/wp-includes/template-loader.php(106): include('/Users/maksimzu...')
#2 /Users/maksimzukovic/Sites/velo/wp-blog-header.php(19): require_once('/Users/maksimzu...')
#3 /Users/maksimzukovic/Sites/velo/index.php(17): require('/Users/maksimzu...')
#4 {main}
  thrown в /Users/maksimzukovic/Sites/velo/wp-content/plugins/woocommerce/includes/wc-product-functions.php на строке 29

2021-01-17T13:14:33+00:00 CRITICAL Uncaught ArgumentCountError: Too few arguments to function wc_get_products(), 0 passed in /Users/maksimzukovic/Sites/velo/wp-content/themes/velo-shop/catalog.php on line 17 and exactly 1 expected in /Users/maksimzukovic/Sites/velo/wp-content/plugins/woocommerce/includes/wc-product-functions.php:29
Stack trace:
#0 /Users/maksimzukovic/Sites/velo/wp-content/themes/velo-shop/catalog.php(17): wc_get_products()
#1 /Users/maksimzukovic/Sites/velo/wp-includes/template-loader.php(106): include('/Users/maksimzu...')
#2 /Users/maksimzukovic/Sites/velo/wp-blog-header.php(19): require_once('/Users/maksimzu...')
#3 /Users/maksimzukovic/Sites/velo/index.php(17): require('/Users/maksimzu...')
#4 {main}
  thrown в /Users/maksimzukovic/Sites/velo/wp-content/plugins/woocommerce/includes/wc-product-functions.php на строке 29

2021-01-17T13:15:17+00:00 CRITICAL Uncaught ArgumentCountError: Too few arguments to function wc_get_products(), 0 passed in /Users/maksimzukovic/Sites/velo/wp-content/themes/velo-shop/catalog.php on line 18 and exactly 1 expected in /Users/maksimzukovic/Sites/velo/wp-content/plugins/woocommerce/includes/wc-product-functions.php:29
Stack trace:
#0 /Users/maksimzukovic/Sites/velo/wp-content/themes/velo-shop/catalog.php(18): wc_get_products()
#1 /Users/maksimzukovic/Sites/velo/wp-includes/template-loader.php(106): include('/Users/maksimzu...')
#2 /Users/maksimzukovic/Sites/velo/wp-blog-header.php(19): require_once('/Users/maksimzu...')
#3 /Users/maksimzukovic/Sites/velo/index.php(17): require('/Users/maksimzu...')
#4 {main}
  thrown в /Users/maksimzukovic/Sites/velo/wp-content/plugins/woocommerce/includes/wc-product-functions.php на строке 29

