2021-05-31T06:07:28+00:00 CRITICAL Uncaught Error: Call to undefined method FilesImporter::quantity_change_counter() in /Users/maksimzukovic/Sites/velo/wp-content/plugins/importer/class/files_importer.php:121
Stack trace:
#0 /Users/maksimzukovic/Sites/velo/wp-content/plugins/importer/admin/partials/importer-update-template.php(77): FilesImporter->get_quantity_change_counter()
#1 /Users/maksimzukovic/Sites/velo/wp-content/plugins/importer/admin/class-importer-admin.php(138): include_once('/Users/maksimzu...')
#2 /Users/maksimzukovic/Sites/velo/wp-includes/class-wp-hook.php(292): Importer_Admin->import_update('')
#3 /Users/maksimzukovic/Sites/velo/wp-includes/class-wp-hook.php(316): WP_Hook->apply_filters('', Array)
#4 /Users/maksimzukovic/Sites/velo/wp-includes/plugin.php(484): WP_Hook->do_action(Array)
#5 /Users/maksimzukovic/Sites/velo/wp-admin/admin.php(259): do_action('toplevel_page_i...')
#6 {main}
  thrown в /Users/maksimzukovic/Sites/velo/wp-content/plugins/importer/class/files_importer.php на строке 121

2021-05-31T06:49:44+00:00 CRITICAL Maximum execution time of 30 seconds exceeded в /Users/maksimzukovic/Sites/velo/wp-includes/functions.php на строке 137

2021-05-31T06:51:40+00:00 CRITICAL Maximum execution time of 30 seconds exceeded в /Users/maksimzukovic/Sites/velo/wp-includes/wp-db.php на строке 2056

2021-05-31T08:39:17+00:00 CRITICAL Uncaught Error: Object of class WC_Product_Attribute could not be converted to string in /Users/maksimzukovic/Sites/velo/wp-content/plugins/importer/class/product_importer.php:110
Stack trace:
#0 /Users/maksimzukovic/Sites/velo/wp-content/plugins/importer/class/product_importer.php(83): ProductImporter->get_attributes_array()
#1 /Users/maksimzukovic/Sites/velo/wp-content/plugins/importer/class/files_importer.php(93): ProductImporter->save()
#2 /Users/maksimzukovic/Sites/velo/wp-content/plugins/importer/admin/class-importer-admin.php(133): FilesImporter->add_new_product()
#3 /Users/maksimzukovic/Sites/velo/wp-includes/class-wp-hook.php(292): Importer_Admin->import_update('')
#4 /Users/maksimzukovic/Sites/velo/wp-includes/class-wp-hook.php(316): WP_Hook->apply_filters('', Array)
#5 /Users/maksimzukovic/Sites/velo/wp-includes/plugin.php(484): WP_Hook->do_action(Array)
#6 /Users/maksimzukovic/Sites/velo/wp-admin/admin.php(259): do_action('toplevel_page_i...')
#7 {main}
  thrown в /Users/maksimzukovic/Sites/velo/wp-content/plugins/importer/class/product_importer.php на строке 110

