2021-01-13T05:21:48+00:00 CRITICAL Uncaught Error: Call to undefined function catalog_banner_widget() in /Users/maksimzukovic/Sites/velo/wp-content/themes/velo-shop/blocks/home/popular_bike.php:20
Stack trace:
#0 /Users/maksimzukovic/Sites/velo/wp-content/themes/velo-shop/front-page.php(35): require_once()
#1 /Users/maksimzukovic/Sites/velo/wp-includes/template-loader.php(106): include('/Users/maksimzu...')
#2 /Users/maksimzukovic/Sites/velo/wp-blog-header.php(19): require_once('/Users/maksimzu...')
#3 /Users/maksimzukovic/Sites/velo/index.php(17): require('/Users/maksimzu...')
#4 {main}
  thrown в /Users/maksimzukovic/Sites/velo/wp-content/themes/velo-shop/blocks/home/popular_bike.php на строке 20

2021-01-13T05:38:57+00:00 CRITICAL syntax error, unexpected 'require_once' (T_REQUIRE_ONCE), expecting '(' в /Users/maksimzukovic/Sites/velo/wp-content/themes/velo-shop/functions.php на строке 8

2021-01-13T05:38:58+00:00 CRITICAL syntax error, unexpected 'require_once' (T_REQUIRE_ONCE), expecting '(' в /Users/maksimzukovic/Sites/velo/wp-content/themes/velo-shop/functions.php на строке 8

2021-01-13T05:39:15+00:00 CRITICAL syntax error, unexpected 'require_once' (T_REQUIRE_ONCE), expecting '(' в /Users/maksimzukovic/Sites/velo/wp-content/themes/velo-shop/functions.php на строке 8

2021-01-13T05:39:16+00:00 CRITICAL syntax error, unexpected 'require_once' (T_REQUIRE_ONCE), expecting '(' в /Users/maksimzukovic/Sites/velo/wp-content/themes/velo-shop/functions.php на строке 8

2021-01-13T05:39:53+00:00 CRITICAL syntax error, unexpected '}' в /Users/maksimzukovic/Sites/velo/wp-content/themes/velo-shop/functions.php на строке 7

2021-01-13T05:39:54+00:00 CRITICAL syntax error, unexpected '}' в /Users/maksimzukovic/Sites/velo/wp-content/themes/velo-shop/functions.php на строке 7

2021-01-13T05:45:23+00:00 CRITICAL syntax error, unexpected '}' в /Users/maksimzukovic/Sites/velo/wp-content/themes/velo-shop/catalog.php на строке 6

2021-01-13T05:56:52+00:00 CRITICAL Uncaught Error: Call to undefined function catalog_banner_widget() in /Users/maksimzukovic/Sites/velo/wp-content/themes/velo-shop/blocks/home/popular_bike.php:20
Stack trace:
#0 /Users/maksimzukovic/Sites/velo/wp-content/themes/velo-shop/front-page.php(35): require_once()
#1 /Users/maksimzukovic/Sites/velo/wp-includes/template-loader.php(106): include('/Users/maksimzu...')
#2 /Users/maksimzukovic/Sites/velo/wp-blog-header.php(19): require_once('/Users/maksimzu...')
#3 /Users/maksimzukovic/Sites/velo/index.php(17): require('/Users/maksimzu...')
#4 {main}
  thrown в /Users/maksimzukovic/Sites/velo/wp-content/themes/velo-shop/blocks/home/popular_bike.php на строке 20

