2021-01-06T05:03:22+00:00 CRITICAL Uncaught Error: Call to a member function get_variation_attributes() on array in /Users/maksimzukovic/Sites/velo/wp-content/themes/velo-shop/woocommerce/blocks/product_variation.php:8
Stack trace:
#0 /Users/maksimzukovic/Sites/velo/wp-content/themes/velo-shop/woocommerce/content-single-product.php(73): require_once()
#1 /Users/maksimzukovic/Sites/velo/wp-includes/template.php(732): require('/Users/maksimzu...')
#2 /Users/maksimzukovic/Sites/velo/wp-content/plugins/woocommerce/includes/wc-core-functions.php(284): load_template('/Users/maksimzu...', false)
#3 /Users/maksimzukovic/Sites/velo/wp-content/plugins/woocommerce/includes/wc-template-functions.php(965): wc_get_template_part('content', 'single-product')
#4 /Users/maksimzukovic/Sites/velo/wp-content/themes/velo-shop/woocommerce.php(3): woocommerce_content()
#5 /Users/maksimzukovic/Sites/velo/wp-includes/template-loader.php(106): include('/Users/maksimzu...')
#6 /Users/maksimzukovic/Sites/velo/wp-blog-header.php(19): require_once('/Users/maksimzu...')
#7 / в /Users/maksimzukovic/Sites/velo/wp-content/themes/velo-shop/woocommerce/blocks/product_variation.php на строке 8

2021-01-06T05:12:14+00:00 CRITICAL syntax error, unexpected '}' в /Users/maksimzukovic/Sites/velo/wp-content/themes/velo-shop/woocommerce/blocks/product_variation.php на строке 17

2021-01-06T15:53:23+00:00 CRITICAL syntax error, unexpected '?>' в /Users/maksimzukovic/Sites/velo/wp-content/themes/velo-shop/woocommerce/blocks/product_similar.php на строке 5

2021-01-06T16:19:31+00:00 CRITICAL syntax error, unexpected '}' в /Users/maksimzukovic/Sites/velo/wp-content/themes/velo-shop/woocommerce/blocks/product_similar.php на строке 8

2021-01-06T16:29:31+00:00 CRITICAL Uncaught Error: Call to a member function get_name() on array in /Users/maksimzukovic/Sites/velo/wp-content/themes/velo-shop/woocommerce/blocks/product_similar.php:30
Stack trace:
#0 /Users/maksimzukovic/Sites/velo/wp-content/themes/velo-shop/woocommerce/content-single-product.php(101): require_once()
#1 /Users/maksimzukovic/Sites/velo/wp-includes/template.php(732): require('/Users/maksimzu...')
#2 /Users/maksimzukovic/Sites/velo/wp-content/plugins/woocommerce/includes/wc-core-functions.php(284): load_template('/Users/maksimzu...', false)
#3 /Users/maksimzukovic/Sites/velo/wp-content/plugins/woocommerce/includes/wc-template-functions.php(965): wc_get_template_part('content', 'single-product')
#4 /Users/maksimzukovic/Sites/velo/wp-content/themes/velo-shop/woocommerce.php(3): woocommerce_content()
#5 /Users/maksimzukovic/Sites/velo/wp-includes/template-loader.php(106): include('/Users/maksimzu...')
#6 /Users/maksimzukovic/Sites/velo/wp-blog-header.php(19): require_once('/Users/maksimzu...')
#7 /Users/maksimzuko в /Users/maksimzukovic/Sites/velo/wp-content/themes/velo-shop/woocommerce/blocks/product_similar.php на строке 30

2021-01-06T16:29:40+00:00 CRITICAL Uncaught Error: Call to a member function get_name() on array in /Users/maksimzukovic/Sites/velo/wp-content/themes/velo-shop/woocommerce/blocks/product_similar.php:30
Stack trace:
#0 /Users/maksimzukovic/Sites/velo/wp-content/themes/velo-shop/woocommerce/content-single-product.php(101): require_once()
#1 /Users/maksimzukovic/Sites/velo/wp-includes/template.php(732): require('/Users/maksimzu...')
#2 /Users/maksimzukovic/Sites/velo/wp-content/plugins/woocommerce/includes/wc-core-functions.php(284): load_template('/Users/maksimzu...', false)
#3 /Users/maksimzukovic/Sites/velo/wp-content/plugins/woocommerce/includes/wc-template-functions.php(965): wc_get_template_part('content', 'single-product')
#4 /Users/maksimzukovic/Sites/velo/wp-content/themes/velo-shop/woocommerce.php(3): woocommerce_content()
#5 /Users/maksimzukovic/Sites/velo/wp-includes/template-loader.php(106): include('/Users/maksimzu...')
#6 /Users/maksimzukovic/Sites/velo/wp-blog-header.php(19): require_once('/Users/maksimzu...')
#7 /Users/maksimzuko в /Users/maksimzukovic/Sites/velo/wp-content/themes/velo-shop/woocommerce/blocks/product_similar.php на строке 30

2021-01-06T16:30:21+00:00 CRITICAL Uncaught Error: Call to a member function get_name() on array in /Users/maksimzukovic/Sites/velo/wp-content/themes/velo-shop/woocommerce/blocks/product_similar.php:30
Stack trace:
#0 /Users/maksimzukovic/Sites/velo/wp-content/themes/velo-shop/woocommerce/content-single-product.php(101): require_once()
#1 /Users/maksimzukovic/Sites/velo/wp-includes/template.php(732): require('/Users/maksimzu...')
#2 /Users/maksimzukovic/Sites/velo/wp-content/plugins/woocommerce/includes/wc-core-functions.php(284): load_template('/Users/maksimzu...', false)
#3 /Users/maksimzukovic/Sites/velo/wp-content/plugins/woocommerce/includes/wc-template-functions.php(965): wc_get_template_part('content', 'single-product')
#4 /Users/maksimzukovic/Sites/velo/wp-content/themes/velo-shop/woocommerce.php(3): woocommerce_content()
#5 /Users/maksimzukovic/Sites/velo/wp-includes/template-loader.php(106): include('/Users/maksimzu...')
#6 /Users/maksimzukovic/Sites/velo/wp-blog-header.php(19): require_once('/Users/maksimzu...')
#7 /Users/maksimzuko в /Users/maksimzukovic/Sites/velo/wp-content/themes/velo-shop/woocommerce/blocks/product_similar.php на строке 30

2021-01-06T16:30:32+00:00 CRITICAL syntax error, unexpected '?>' в /Users/maksimzukovic/Sites/velo/wp-content/themes/velo-shop/woocommerce/blocks/product_similar.php на строке 30

2021-01-06T16:32:50+00:00 CRITICAL Uncaught Error: Call to a member function get_id() on array in /Users/maksimzukovic/Sites/velo/wp-content/themes/velo-shop/woocommerce/blocks/product_similar.php:20
Stack trace:
#0 /Users/maksimzukovic/Sites/velo/wp-content/themes/velo-shop/woocommerce/content-single-product.php(101): require_once()
#1 /Users/maksimzukovic/Sites/velo/wp-includes/template.php(732): require('/Users/maksimzu...')
#2 /Users/maksimzukovic/Sites/velo/wp-content/plugins/woocommerce/includes/wc-core-functions.php(284): load_template('/Users/maksimzu...', false)
#3 /Users/maksimzukovic/Sites/velo/wp-content/plugins/woocommerce/includes/wc-template-functions.php(965): wc_get_template_part('content', 'single-product')
#4 /Users/maksimzukovic/Sites/velo/wp-content/themes/velo-shop/woocommerce.php(3): woocommerce_content()
#5 /Users/maksimzukovic/Sites/velo/wp-includes/template-loader.php(106): include('/Users/maksimzu...')
#6 /Users/maksimzukovic/Sites/velo/wp-blog-header.php(19): require_once('/Users/maksimzu...')
#7 /Users/maksimzukovi в /Users/maksimzukovic/Sites/velo/wp-content/themes/velo-shop/woocommerce/blocks/product_similar.php на строке 20

2021-01-06T17:26:13+00:00 CRITICAL syntax error, unexpected 'endforeach' (T_ENDFOREACH), expecting end of file в /Users/maksimzukovic/Sites/velo/wp-content/themes/velo-shop/woocommerce/blocks/product_similar.php на строке 56

2021-01-06T17:28:22+00:00 CRITICAL syntax error, unexpected '?>' в /Users/maksimzukovic/Sites/velo/wp-content/themes/velo-shop/woocommerce/blocks/product_similar.php на строке 38

2021-01-06T18:10:12+00:00 CRITICAL syntax error, unexpected '?>', expecting identifier (T_STRING) or variable (T_VARIABLE) or '{' or '$' в /Users/maksimzukovic/Sites/velo/wp-content/themes/velo-shop/woocommerce/blocks/product_similar.php на строке 30

