2021-01-10T04:54:32+00:00 CRITICAL syntax error, unexpected '}' в /Users/maksimzukovic/Sites/velo/wp-content/themes/velo-shop/blocks/widget/cat_banner.widget.php на строке 7

2021-01-10T04:54:32+00:00 CRITICAL syntax error, unexpected '}' в /Users/maksimzukovic/Sites/velo/wp-content/themes/velo-shop/blocks/widget/cat_banner.widget.php на строке 7

2021-01-10T04:54:50+00:00 CRITICAL syntax error, unexpected '}' в /Users/maksimzukovic/Sites/velo/wp-content/themes/velo-shop/blocks/widget/cat_banner.widget.php на строке 7

2021-01-10T04:56:53+00:00 CRITICAL syntax error, unexpected '}' в /Users/maksimzukovic/Sites/velo/wp-content/themes/velo-shop/blocks/widget/cat_banner.widget.php на строке 7

2021-01-10T05:28:44+00:00 CRITICAL syntax error, unexpected '?>' в /Users/maksimzukovic/Sites/velo/wp-content/themes/velo-shop/blocks/home/article_home.php на строке 3

2021-01-10T05:31:09+00:00 CRITICAL syntax error, unexpected ')' в /Users/maksimzukovic/Sites/velo/wp-content/themes/velo-shop/blocks/home/article_home.php на строке 4

2021-01-10T05:33:57+00:00 CRITICAL syntax error, unexpected ')' в /Users/maksimzukovic/Sites/velo/wp-content/themes/velo-shop/blocks/home/article_home.php на строке 5

2021-01-10T05:34:19+00:00 CRITICAL syntax error, unexpected ')' в /Users/maksimzukovic/Sites/velo/wp-content/themes/velo-shop/blocks/home/article_home.php на строке 6

2021-01-10T05:39:54+00:00 CRITICAL syntax error, unexpected ')' в /Users/maksimzukovic/Sites/velo/wp-content/themes/velo-shop/blocks/home/article_home.php на строке 16

2021-01-10T05:42:29+00:00 CRITICAL syntax error, unexpected '<' в /Users/maksimzukovic/Sites/velo/wp-content/themes/velo-shop/blocks/home/article_home.php на строке 17

2021-01-10T05:48:27+00:00 CRITICAL syntax error, unexpected '/' в /Users/maksimzukovic/Sites/velo/wp-content/themes/velo-shop/blocks/home/article_home.php на строке 21

2021-01-10T05:48:49+00:00 CRITICAL Uncaught Error: Object of class WP_Post could not be converted to string in /Users/maksimzukovic/Sites/velo/wp-content/themes/velo-shop/blocks/home/article_home.php:21
Stack trace:
#0 /Users/maksimzukovic/Sites/velo/wp-content/themes/velo-shop/front-page.php(37): require_once()
#1 /Users/maksimzukovic/Sites/velo/wp-includes/template-loader.php(106): include('/Users/maksimzu...')
#2 /Users/maksimzukovic/Sites/velo/wp-blog-header.php(19): require_once('/Users/maksimzu...')
#3 /Users/maksimzukovic/Sites/velo/index.php(17): require('/Users/maksimzu...')
#4 {main}
  thrown в /Users/maksimzukovic/Sites/velo/wp-content/themes/velo-shop/blocks/home/article_home.php на строке 21

2021-01-10T05:49:36+00:00 CRITICAL Uncaught Error: Cannot use object of type WP_Post as array in /Users/maksimzukovic/Sites/velo/wp-content/themes/velo-shop/blocks/home/article_home.php:21
Stack trace:
#0 /Users/maksimzukovic/Sites/velo/wp-content/themes/velo-shop/front-page.php(37): require_once()
#1 /Users/maksimzukovic/Sites/velo/wp-includes/template-loader.php(106): include('/Users/maksimzu...')
#2 /Users/maksimzukovic/Sites/velo/wp-blog-header.php(19): require_once('/Users/maksimzu...')
#3 /Users/maksimzukovic/Sites/velo/index.php(17): require('/Users/maksimzu...')
#4 {main}
  thrown в /Users/maksimzukovic/Sites/velo/wp-content/themes/velo-shop/blocks/home/article_home.php на строке 21

2021-01-10T20:57:01+00:00 CRITICAL Uncaught Error: Call to undefined method WP_Post::get_id() in /Users/maksimzukovic/Sites/velo/wp-content/themes/velo-shop/blocks/home/article_home.php:14
Stack trace:
#0 /Users/maksimzukovic/Sites/velo/wp-content/themes/velo-shop/front-page.php(37): require_once()
#1 /Users/maksimzukovic/Sites/velo/wp-includes/template-loader.php(106): include('/Users/maksimzu...')
#2 /Users/maksimzukovic/Sites/velo/wp-blog-header.php(19): require_once('/Users/maksimzu...')
#3 /Users/maksimzukovic/Sites/velo/index.php(17): require('/Users/maksimzu...')
#4 {main}
  thrown в /Users/maksimzukovic/Sites/velo/wp-content/themes/velo-shop/blocks/home/article_home.php на строке 14

